0 info it worked if it ends with ok
1 verbose cli [ 'node', '/usr/local/bin/npm', 'install', 'gzippo', '—save' ]
2 info using npm@1.4.28
3 info using node@v0.10.33
4 warn package.json node-js-getting-started@0.1.2 No README data
5 verbose readDependencies using package.json deps
6 verbose cache add [ 'gzippo', null ]
7 verbose cache add name=undefined spec="gzippo" args=["gzippo",null]
8 verbose parsed url { protocol: null,
8 verbose parsed url   slashes: null,
8 verbose parsed url   auth: null,
8 verbose parsed url   host: null,
8 verbose parsed url   port: null,
8 verbose parsed url   hostname: null,
8 verbose parsed url   hash: null,
8 verbose parsed url   search: null,
8 verbose parsed url   query: null,
8 verbose parsed url   pathname: 'gzippo',
8 verbose parsed url   path: 'gzippo',
8 verbose parsed url   href: 'gzippo' }
9 verbose cache add [ '—save', null ]
10 verbose cache add name=undefined spec="—save" args=["—save",null]
11 verbose parsed url { protocol: null,
11 verbose parsed url   slashes: null,
11 verbose parsed url   auth: null,
11 verbose parsed url   host: null,
11 verbose parsed url   port: null,
11 verbose parsed url   hostname: null,
11 verbose parsed url   hash: null,
11 verbose parsed url   search: null,
11 verbose parsed url   query: null,
11 verbose parsed url   pathname: '—save',
11 verbose parsed url   path: '—save',
11 verbose parsed url   href: '—save' }
12 silly lockFile bfe3231d-gzippo gzippo
13 verbose lock gzippo /Users/chelseafranz/.npm/bfe3231d-gzippo.lock
14 silly lockFile 40f87acd-save —save
15 verbose lock —save /Users/chelseafranz/.npm/40f87acd-save.lock
16 silly lockFile bfe3231d-gzippo gzippo
17 silly lockFile bfe3231d-gzippo gzippo
18 silly lockFile 40f87acd-save —save
19 silly lockFile 40f87acd-save —save
20 verbose addNamed [ 'gzippo', '' ]
21 verbose addNamed [ null, '*' ]
22 silly lockFile cd6ce3bd-gzippo gzippo@
23 verbose lock gzippo@ /Users/chelseafranz/.npm/cd6ce3bd-gzippo.lock
24 verbose addNamed [ '—save', '' ]
25 verbose addNamed [ null, '*' ]
26 silly lockFile 3b923a69-save —save@
27 verbose lock —save@ /Users/chelseafranz/.npm/3b923a69-save.lock
28 silly addNameRange { name: 'gzippo', range: '*', hasData: false }
29 silly addNameRange { name: '—save', range: '*', hasData: false }
30 verbose request where is /—save
31 verbose request registry https://registry.npmjs.org/
32 verbose request id 7b484add4f8aa2a0
33 verbose url raw /—save
34 verbose url resolving [ 'https://registry.npmjs.org/', './%E2%80%94save' ]
35 verbose url resolved https://registry.npmjs.org/%E2%80%94save
36 verbose request where is https://registry.npmjs.org/%E2%80%94save
37 info trying registry request attempt 1 at 13:00:16
38 http GET https://registry.npmjs.org/%E2%80%94save
39 verbose request where is /gzippo
40 verbose request registry https://registry.npmjs.org/
41 verbose url raw /gzippo
42 verbose url resolving [ 'https://registry.npmjs.org/', './gzippo' ]
43 verbose url resolved https://registry.npmjs.org/gzippo
44 verbose request where is https://registry.npmjs.org/gzippo
45 info trying registry request attempt 1 at 13:00:16
46 verbose etag "DSM6BX0UM6UUFMLZY2CM9MBK"
47 http GET https://registry.npmjs.org/gzippo
48 http 304 https://registry.npmjs.org/gzippo
49 silly registry.get cb [ 304,
49 silly registry.get   { date: 'Thu, 18 Dec 2014 18:00:17 GMT',
49 silly registry.get     server: 'Apache',
49 silly registry.get     via: '1.1 varnish',
49 silly registry.get     'last-modified': 'Thu, 18 Dec 2014 18:00:17 GMT',
49 silly registry.get     'cache-control': 'max-age=60',
49 silly registry.get     etag: '"DSM6BX0UM6UUFMLZY2CM9MBK"',
49 silly registry.get     age: '0',
49 silly registry.get     'x-served-by': 'cache-jfk1035-JFK',
49 silly registry.get     'x-cache': 'MISS',
49 silly registry.get     'x-cache-hits': '0',
49 silly registry.get     'x-timer': 'S1418925617.071945,VS0,VE84',
49 silly registry.get     vary: 'Accept',
49 silly registry.get     'content-length': '0',
49 silly registry.get     'keep-alive': 'timeout=10, max=50',
49 silly registry.get     connection: 'Keep-Alive' } ]
50 verbose etag https://registry.npmjs.org/gzippo from cache
51 http 404 https://registry.npmjs.org/%E2%80%94save
52 verbose headers { date: 'Thu, 18 Dec 2014 18:00:17 GMT',
52 verbose headers   server: 'CouchDB/1.5.0 (Erlang OTP/R16B03)',
52 verbose headers   'content-type': 'application/json',
52 verbose headers   'cache-control': 'max-age=0',
52 verbose headers   'content-length': '52',
52 verbose headers   'accept-ranges': 'bytes',
52 verbose headers   via: '1.1 varnish',
52 verbose headers   age: '0',
52 verbose headers   'x-served-by': 'cache-jfk1023-JFK',
52 verbose headers   'x-cache': 'MISS',
52 verbose headers   'x-cache-hits': '0',
52 verbose headers   'x-timer': 'S1418925617.072861,VS0,VE85',
52 verbose headers   'keep-alive': 'timeout=10, max=50',
52 verbose headers   connection: 'Keep-Alive' }
53 silly registry.get cb [ 404,
53 silly registry.get   { date: 'Thu, 18 Dec 2014 18:00:17 GMT',
53 silly registry.get     server: 'CouchDB/1.5.0 (Erlang OTP/R16B03)',
53 silly registry.get     'content-type': 'application/json',
53 silly registry.get     'cache-control': 'max-age=0',
53 silly registry.get     'content-length': '52',
53 silly registry.get     'accept-ranges': 'bytes',
53 silly registry.get     via: '1.1 varnish',
53 silly registry.get     age: '0',
53 silly registry.get     'x-served-by': 'cache-jfk1023-JFK',
53 silly registry.get     'x-cache': 'MISS',
53 silly registry.get     'x-cache-hits': '0',
53 silly registry.get     'x-timer': 'S1418925617.072861,VS0,VE85',
53 silly registry.get     'keep-alive': 'timeout=10, max=50',
53 silly registry.get     connection: 'Keep-Alive' } ]
54 silly lockFile 3b923a69-save —save@
55 silly lockFile 3b923a69-save —save@
56 silly addNameRange number 2 { name: 'gzippo', range: '*', hasData: true }
57 silly addNameRange versions [ 'gzippo',
57 silly addNameRange   [ '0.0.1',
57 silly addNameRange     '0.0.2',
57 silly addNameRange     '0.0.3',
57 silly addNameRange     '0.0.4',
57 silly addNameRange     '0.0.5',
57 silly addNameRange     '0.0.6',
57 silly addNameRange     '0.0.7',
57 silly addNameRange     '0.1.0',
57 silly addNameRange     '0.0.8',
57 silly addNameRange     '0.1.1',
57 silly addNameRange     '0.1.2',
57 silly addNameRange     '0.0.9',
57 silly addNameRange     '0.1.3',
57 silly addNameRange     '0.0.10',
57 silly addNameRange     '0.1.4',
57 silly addNameRange     '0.1.6',
57 silly addNameRange     '0.1.7',
57 silly addNameRange     '0.2.0' ] ]
58 verbose addNamed [ 'gzippo', '0.2.0' ]
59 verbose addNamed [ '0.2.0', '0.2.0' ]
60 silly lockFile de4fcc78-gzippo-0-2-0 gzippo@0.2.0
61 verbose lock gzippo@0.2.0 /Users/chelseafranz/.npm/de4fcc78-gzippo-0-2-0.lock
62 silly lockFile de4fcc78-gzippo-0-2-0 gzippo@0.2.0
63 silly lockFile de4fcc78-gzippo-0-2-0 gzippo@0.2.0
64 silly lockFile cd6ce3bd-gzippo gzippo@
65 silly lockFile cd6ce3bd-gzippo gzippo@
66 error 404 404 Not Found: %E2%80%94save
66 error 404
66 error 404 '%E2%80%94save' is not in the npm registry.
66 error 404 You should bug the author to publish it
66 error 404 It was specified as a dependency of 'node-js-getting-started'
66 error 404
66 error 404 Note that you can also install from a
66 error 404 tarball, folder, or http url, or git url.
67 error System Darwin 14.0.0
68 error command "node" "/usr/local/bin/npm" "install" "gzippo" "—save"
69 error cwd /Users/chelseafranz/Desktop/Nitteo-One-Page-Portfolio
70 error node -v v0.10.33
71 error npm -v 1.4.28
72 error code E404
73 verbose exit [ 1, true ]
